#
# A fatal error has been detected by the Java Runtime Environment:
#
#  EXCEPTION_ACCESS_VIOLATION (0xc0000005) at pc=0x00000000602a6bc2, pid=10252, tid=0x0000000000003bac
#
# JRE version: Java(TM) SE Runtime Environment (8.0_251-b08) (build 1.8.0_251-b08)
# Java VM: Java HotSpot(TM) 64-Bit Server VM (25.251-b08 mixed mode windows-amd64 compressed oops)
# Problematic frame:
# V  [jvm.dll+0x4c6bc2]
#
# Failed to write core dump. Minidumps are not enabled by default on client versions of Windows
#
# If you would like to submit a bug report, please visit:
#   http://bugreport.java.com/bugreport/crash.jsp
#

---------------  T H R E A D  ---------------

Current thread (0x0000000016646800):  JavaThread "C2 CompilerThread0" daemon [_thread_in_native, id=15276, stack(0x0000000016f20000,0x0000000017020000)]

siginfo: ExceptionCode=0xc0000005, reading address 0x00000000001df064

Registers:
RAX=0x0000000000000000, RBX=0x000000001eb0eaf0, RCX=0x00000000000014f9, RDX=0x000000001bc5a2b0
RSP=0x000000001701b790, RBP=0x000000000000000f, RSI=0x000000001bc5a2b0, RDI=0x000000001701bd70
R8 =0x0000000000000fe8, R9 =0x000000001cffd4d0, R10=0x0000000025d63890, R11=0x000000002811b800
R12=0x000000001d0312b0, R13=0x000000001eb10b18, R14=0x000000001701bd70, R15=0x000000001bc5a2b0
RIP=0x00000000602a6bc2, EFLAGS=0x0000000000010283

Top of Stack: (sp=0x000000001701b790)
0x000000001701b790:   000000001eb101d0 0000000000000400
0x000000001701b7a0:   0000000000000000 0000000000000001
0x000000001701b7b0:   000000001eb10b18 00000000602ab116
0x000000001701b7c0:   000000001701b800 000000001eb101d0
0x000000001701b7d0:   000000001eb13708 000000001c722e00
0x000000001701b7e0:   0000000016643cc0 0000000000000800
0x000000001701b7f0:   0000000028117800 00000000000006ad
0x000000001701b800:   000000001701b938 000000001701b918
0x000000001701b810:   0000000000000001 000000001701bd70
0x000000001701b820:   000000001d031fb0 00000000602ab2d3
0x000000001701b830:   000000001d0320b8 000000001d031fb0
0x000000001701b840:   0000000000000855 000000001bc5a2b0
0x000000001701b850:   000000001d031fb0 000000001701b988
0x000000001701b860:   0000000000000001 00000000602acb89
0x000000001701b870:   000000001d0320b8 0000000000000855
0x000000001701b880:   0000000000000002 0000000027afdcd0 

Instructions: (pc=0x00000000602a6bc2)
0x00000000602a6ba2:   48 8d 0d 17 14 1b 00 ba f5 02 00 00 e8 3d 1d db
0x00000000602a6bb2:   ff e8 f8 2d dd ff 8b 4b 28 48 8b 87 00 0a 00 00
0x00000000602a6bc2:   39 2c 88 72 51 48 3b de 74 48 44 8b 43 28 4c 8b
0x00000000602a6bd2:   8f f8 09 00 00 4b 8b 1c c1 48 8b 43 08 48 83 38 


Register to memory mapping:

RAX=0x0000000000000000 is an unknown value
RBX=0x000000001eb0eaf0 is an unknown value
RCX=0x00000000000014f9 is an unknown value
RDX=0x000000001bc5a2b0 is an unknown value
RSP=0x000000001701b790 is pointing into the stack for thread: 0x0000000016646800
RBP=0x000000000000000f is an unknown value
RSI=0x000000001bc5a2b0 is an unknown value
RDI=0x000000001701bd70 is pointing into the stack for thread: 0x0000000016646800
R8 =0x0000000000000fe8 is an unknown value
R9 =0x000000001cffd4d0 is an unknown value
R10=0x0000000025d63890 is an unknown value
R11=0x000000002811b800 is an unknown value
R12=0x000000001d0312b0 is an unknown value
R13=0x000000001eb10b18 is an unknown value
R14=0x000000001701bd70 is pointing into the stack for thread: 0x0000000016646800
R15=0x000000001bc5a2b0 is an unknown value


Stack: [0x0000000016f20000,0x0000000017020000],  sp=0x000000001701b790,  free space=1005k
Native frames: (J=compiled Java code, j=interpreted, Vv=VM code, C=native code)
V  [jvm.dll+0x4c6bc2]
V  [jvm.dll+0x4cb116]
V  [jvm.dll+0x4cb2d3]
V  [jvm.dll+0x4ccb89]
V  [jvm.dll+0x4ce933]
V  [jvm.dll+0x47e330]
V  [jvm.dll+0x47f163]
V  [jvm.dll+0x461992]
V  [jvm.dll+0xa6bf2]
V  [jvm.dll+0xa753f]
V  [jvm.dll+0x24685f]
V  [jvm.dll+0x2a001a]
C  [msvcr100.dll+0x21d9f]
C  [msvcr100.dll+0x21e3b]
C  [KERNEL32.DLL+0x17c24]
C  [ntdll.dll+0x6d4d1]


Current CompileTask:
C2:1224868 16518       4       org.gradle.internal.snapshot.AbstractIncompleteSnapshotWithChildren::getSnapshot (15 bytes)


---------------  P R O C E S S  ---------------

Java Threads: ( => current thread )
  0x000000001ccde800 JavaThread "Cache worker for cache directory md-rule (C:\Users\ingaw\.gradle\caches\6.6.1\md-rule)" [_thread_blocked, id=16788, stack(0x0000000020c20000,0x0000000020d20000)]
  0x000000001ccde000 JavaThread "Cache worker for cache directory md-supplier (C:\Users\ingaw\.gradle\caches\6.6.1\md-supplier)" [_thread_blocked, id=6036, stack(0x0000000020a20000,0x0000000020b20000)]
  0x000000001ccdb800 JavaThread "Cache worker for checksums cache (C:\Users\ingaw\Desktop\ModuÅ‚ 18\tasks\tasks\.gradle\checksums)" [_thread_blocked, id=12996, stack(0x0000000020920000,0x0000000020a20000)]
  0x000000001ccdf800 JavaThread "jar transforms Thread 92" [_thread_blocked, id=16200, stack(0x0000000025260000,0x0000000025360000)]
  0x000000001ccd3000 JavaThread "jar transforms Thread 91" [_thread_blocked, id=15860, stack(0x0000000025160000,0x0000000025260000)]
  0x000000001ccda000 JavaThread "jar transforms Thread 90" [_thread_blocked, id=4948, stack(0x0000000023a60000,0x0000000023b60000)]
  0x000000001ccd6000 JavaThread "jar transforms Thread 89" [_thread_blocked, id=3944, stack(0x0000000023960000,0x0000000023a60000)]
  0x000000001ccd9800 JavaThread "jar transforms Thread 88" [_thread_blocked, id=3224, stack(0x0000000023860000,0x0000000023960000)]
  0x000000001ccd8800 JavaThread "jar transforms Thread 87" [_thread_in_Java, id=3644, stack(0x0000000023760000,0x0000000023860000)]
  0x000000001ccd2800 JavaThread "jar transforms Thread 86" [_thread_in_Java, id=15348, stack(0x0000000023660000,0x0000000023760000)]
  0x000000001ccd4000 JavaThread "jar transforms Thread 85" [_thread_blocked, id=16040, stack(0x0000000023560000,0x0000000023660000)]
  0x000000001ccd5800 JavaThread "jar transforms Thread 84" [_thread_blocked, id=15124, stack(0x0000000023460000,0x0000000023560000)]
  0x000000001ccd1800 JavaThread "jar transforms Thread 83" [_thread_blocked, id=10552, stack(0x0000000021c20000,0x0000000021d20000)]
  0x000000001ccd7000 JavaThread "jar transforms Thread 82" [_thread_blocked, id=8824, stack(0x0000000021b20000,0x0000000021c20000)]
  0x000000001ccd4800 JavaThread "jar transforms Thread 81" [_thread_blocked, id=5880, stack(0x0000000020820000,0x0000000020920000)]
  0x000000001ccd8000 JavaThread "jar transforms Thread 80" [_thread_blocked, id=2436, stack(0x0000000020720000,0x0000000020820000)]
  0x000000001d20c000 JavaThread "jar transforms Thread 79" [_thread_in_Java, id=7504, stack(0x0000000020620000,0x0000000020720000)]
  0x000000001d20b000 JavaThread "jar transforms Thread 78" [_thread_blocked, id=12736, stack(0x0000000020520000,0x0000000020620000)]
  0x000000001d209800 JavaThread "jar transforms Thread 77" [_thread_blocked, id=16112, stack(0x0000000020420000,0x0000000020520000)]
  0x000000001d206800 JavaThread "jar transforms Thread 76" [_thread_in_Java, id=8124, stack(0x000000001ff00000,0x0000000020000000)]
  0x000000001d208000 JavaThread "jar transforms Thread 75" [_thread_blocked, id=10244, stack(0x000000001ef90000,0x000000001f090000)]
  0x000000001d206000 JavaThread "jar transforms Thread 74" [_thread_blocked, id=17392, stack(0x000000001ee90000,0x000000001ef90000)]
  0x000000001d207800 JavaThread "jar transforms Thread 73" [_thread_blocked, id=15052, stack(0x000000001da20000,0x000000001db20000)]
  0x000000001d20d000 JavaThread "jar transforms Thread 72" [_thread_blocked, id=4772, stack(0x000000001b080000,0x000000001b180000)]
  0x000000001d209000 JavaThread "jar transforms Thread 71" [_thread_blocked, id=4604, stack(0x000000001af80000,0x000000001b080000)]
  0x000000001d20a800 JavaThread "jar transforms Thread 70" [_thread_blocked, id=17136, stack(0x000000001ae80000,0x000000001af80000)]
  0x000000001d205000 JavaThread "jar transforms Thread 69" [_thread_blocked, id=8844, stack(0x000000001ad80000,0x000000001ae80000)]
  0x000000001d1fd800 JavaThread "Cache worker for file hash cache (C:\Users\ingaw\Desktop\ModuÅ‚ 18\tasks\tasks\.gradle\6.6.1\fileHashes)" [_thread_blocked, id=13492, stack(0x000000001ac80000,0x000000001ad80000)]
  0x000000001d204800 JavaThread "Thread-295" [_thread_blocked, id=14124, stack(0x000000001ab80000,0x000000001ac80000)]
  0x000000001d201800 JavaThread "Stdin handler" [_thread_blocked, id=14948, stack(0x000000001a880000,0x000000001a980000)]
  0x000000001d200800 JavaThread "Asynchronous log dispatcher for DefaultDaemonConnection: socket connection from /127.0.0.1:51113 to /127.0.0.1:51724" [_thread_blocked, id=17156, stack(0x000000001a420000,0x000000001a520000)]
  0x000000001d203800 JavaThread "Daemon worker Thread 5" [_thread_blocked, id=8944, stack(0x000000001a320000,0x000000001a420000)]
  0x000000001d203000 JavaThread "Cancel handler" [_thread_blocked, id=13972, stack(0x00000000013e0000,0x00000000014e0000)]
  0x000000001d1ff000 JavaThread "Handler for socket connection from /127.0.0.1:51113 to /127.0.0.1:51724" [_thread_in_native, id=10848, stack(0x00000000012e0000,0x00000000013e0000)]
  0x000000001d1fe800 JavaThread "Daemon Thread 5" [_thread_blocked, id=6056, stack(0x00000000011e0000,0x00000000012e0000)]
  0x00000000181a2800 JavaThread "Cache worker for Java compile cache (C:\Users\ingaw\.gradle\caches\6.6.1\javaCompile)" [_thread_blocked, id=9476, stack(0x0000000024960000,0x0000000024a60000)]
  0x000000001ccdb000 JavaThread "Memory manager" [_thread_blocked, id=8404, stack(0x0000000022120000,0x0000000022220000)]
  0x00000000194ea800 JavaThread "Cache worker for file content cache (C:\Users\ingaw\.gradle\caches\6.6.1\fileContent)" [_thread_blocked, id=15048, stack(0x000000001db20000,0x000000001dc20000)]
  0x00000000194e9000 JavaThread "Cache worker for execution history cache (C:\Users\ingaw\.gradle\caches\6.6.1\executionHistory)" [_thread_blocked, id=9040, stack(0x000000001f600000,0x000000001f700000)]
  0x00000000194e6000 JavaThread "Cache worker for journal cache (C:\Users\ingaw\.gradle\caches\journal-1)" [_thread_blocked, id=15372, stack(0x000000001b580000,0x000000001b680000)]
  0x00000000194e4800 JavaThread "File lock request listener" [_thread_in_native, id=7148, stack(0x000000001b480000,0x000000001b580000)]
  0x00000000194e5800 JavaThread "Cache worker for file hash cache (C:\Users\ingaw\.gradle\caches\6.6.1\fileHashes)" [_thread_blocked, id=14952, stack(0x000000001b380000,0x000000001b480000)]
  0x00000000190ce800 JavaThread "Daemon periodic checks" [_thread_blocked, id=4444, stack(0x000000001a780000,0x000000001a880000)]
  0x0000000019114800 JavaThread "Incoming local TCP Connector on port 51113" [_thread_in_native, id=4436, stack(0x000000001a520000,0x000000001a620000)]
  0x0000000019092800 JavaThread "Daemon health stats" [_thread_blocked, id=15812, stack(0x0000000019cc0000,0x0000000019dc0000)]
  0x00000000166db000 JavaThread "Service Thread" daemon [_thread_blocked, id=11948, stack(0x0000000017320000,0x0000000017420000)]
  0x0000000016651000 JavaThread "C1 CompilerThread3" daemon [_thread_blocked, id=3708, stack(0x0000000017220000,0x0000000017320000)]
  0x000000001664d000 JavaThread "C2 CompilerThread2" daemon [_thread_in_native, id=7252, stack(0x0000000017120000,0x0000000017220000)]
  0x000000001664a000 JavaThread "C2 CompilerThread1" daemon [_thread_in_native, id=7900, stack(0x0000000017020000,0x0000000017120000)]
=>0x0000000016646800 JavaThread "C2 CompilerThread0" daemon [_thread_in_native, id=15276, stack(0x0000000016f20000,0x0000000017020000)]
  0x0000000016644800 JavaThread "Attach Listener" daemon [_thread_blocked, id=8616, stack(0x0000000016e20000,0x0000000016f20000)]
  0x0000000016640800 JavaThread "Signal Dispatcher" daemon [_thread_blocked, id=3784, stack(0x0000000016d20000,0x0000000016e20000)]
  0x0000000002fb9000 JavaThread "Finalizer" daemon [_thread_blocked, id=1964, stack(0x0000000016b10000,0x0000000016c10000)]
  0x0000000016631800 JavaThread "Reference Handler" daemon [_thread_blocked, id=3132, stack(0x0000000016a10000,0x0000000016b10000)]
  0x00000000015ae000 JavaThread "main" [_thread_blocked, id=1656, stack(0x0000000002dc0000,0x0000000002ec0000)]

Other Threads:
  0x0000000014829000 VMThread [stack: 0x0000000016510000,0x0000000016610000] [id=2836]
  0x00000000166f5800 WatcherThread [stack: 0x0000000017420000,0x0000000017520000] [id=3088]

VM state:not at safepoint (normal execution)

VM Mutex/Monitor currently owned by a thread: None

heap address: 0x00000000e0000000, size: 512 MB, Compressed Oops mode: 32-bit
Narrow klass base: 0x0000000000000000, Narrow klass shift: 3
Compressed class space size: 1073741824 Address: 0x0000000100000000

Heap:
 PSYoungGen      total 139776K, used 33220K [0x00000000f5580000, 0x00000000ffd80000, 0x0000000100000000)
  eden space 107008K, 28% used [0x00000000f5580000,0x00000000f731d190,0x00000000fbe00000)
  from space 32768K, 8% used [0x00000000fbe00000,0x00000000fc0d4020,0x00000000fde00000)
  to   space 31744K, 0% used [0x00000000fde80000,0x00000000fde80000,0x00000000ffd80000)
 ParOldGen       total 207872K, used 100304K [0x00000000e0000000, 0x00000000ecb00000, 0x00000000f5580000)
  object space 207872K, 48% used [0x00000000e0000000,0x00000000e61f4318,0x00000000ecb00000)
 Metaspace       used 71498K, capacity 75442K, committed 75608K, reserved 1114112K
  class space    used 9214K, capacity 10009K, committed 10112K, reserved 1048576K

Card table byte_map: [0x0000000012380000,0x0000000012490000] byte_map_base: 0x0000000011c80000

Marking Bits: (ParMarkBitMap*) 0x000000006060af90
 Begin Bits: [0x0000000012d40000, 0x0000000013540000)
 End Bits:   [0x0000000013540000, 0x0000000013d40000)

Polling page: 0x0000000001560000

CodeCache: size=245760Kb used=51674Kb max_used=51689Kb free=194085Kb
 bounds [0x0000000002fc0000, 0x0000000006280000, 0x0000000011fc0000]
 total_blobs=14672 nmethods=13802 adapters=781
 compilation: enabled

Compilation events (10 events):
Event: 1224.763 Thread 0x0000000016651000 16569   !   2       sun.nio.fs.WindowsFileAttributes::get (236 bytes)
Event: 1224.765 Thread 0x0000000016651000 nmethod 16569 0x000000000626f390 code [0x000000000626f6a0, 0x0000000006270278]
Event: 1224.766 Thread 0x0000000016651000 16571       2       org.gradle.internal.classpath.InstrumentingTransformer$MethodVisitorScope::_DUP (7 bytes)
Event: 1224.767 Thread 0x0000000016651000 nmethod 16571 0x0000000006242d10 code [0x0000000006242e80, 0x0000000006243008]
Event: 1224.768 Thread 0x0000000016651000 16572       2       org.gradle.internal.classpath.InstrumentingTransformer::access$1100 (4 bytes)
Event: 1224.768 Thread 0x0000000016651000 nmethod 16572 0x0000000003425b90 code [0x0000000003425ce0, 0x0000000003425e10]
Event: 1224.769 Thread 0x0000000016651000 16573       2       org.gradle.internal.classpath.InstrumentingTransformer$InstrumentingVisitor$2::<init> (61 bytes)
Event: 1224.770 Thread 0x0000000016651000 nmethod 16573 0x000000000626ea90 code [0x000000000626ec60, 0x000000000626f028]
Event: 1224.791 Thread 0x0000000016651000 16574       2       org.objectweb.asm.FieldWriter::visitTypeAnnotation (45 bytes)
Event: 1224.791 Thread 0x0000000016651000 nmethod 16574 0x00000000034b6690 code [0x00000000034b6800, 0x00000000034b69f8]

GC Heap History (10 events):
Event: 1223.682 GC heap after
Heap after GC invocations=35 (full 3):
 PSYoungGen      total 136704K, used 6240K [0x00000000f5580000, 0x0000000100000000, 0x0000000100000000)
  eden space 99328K, 0% used [0x00000000f5580000,0x00000000f5580000,0x00000000fb680000)
  from space 37376K, 16% used [0x00000000fda00000,0x00000000fe018010,0x00000000ffe80000)
  to   space 36352K, 0% used [0x00000000fb680000,0x00000000fb680000,0x00000000fda00000)
 ParOldGen       total 207872K, used 98521K [0x00000000e0000000, 0x00000000ecb00000, 0x00000000f5580000)
  object space 207872K, 47% used [0x00000000e0000000,0x00000000e6036430,0x00000000ecb00000)
 Metaspace       used 71440K, capacity 75404K, committed 75608K, reserved 1114112K
  class space    used 9205K, capacity 9999K, committed 10112K, reserved 1048576K
}
Event: 1223.906 GC heap before
{Heap before GC invocations=36 (full 3):
 PSYoungGen      total 136704K, used 105568K [0x00000000f5580000, 0x0000000100000000, 0x0000000100000000)
  eden space 99328K, 100% used [0x00000000f5580000,0x00000000fb680000,0x00000000fb680000)
  from space 37376K, 16% used [0x00000000fda00000,0x00000000fe018010,0x00000000ffe80000)
  to   space 36352K, 0% used [0x00000000fb680000,0x00000000fb680000,0x00000000fda00000)
 ParOldGen       total 207872K, used 98521K [0x00000000e0000000, 0x00000000ecb00000, 0x00000000f5580000)
  object space 207872K, 47% used [0x00000000e0000000,0x00000000e6036430,0x00000000ecb00000)
 Metaspace       used 71444K, capacity 75404K, committed 75608K, reserved 1114112K
  class space    used 9205K, capacity 9999K, committed 10112K, reserved 1048576K
Event: 1223.911 GC heap after
Heap after GC invocations=36 (full 3):
 PSYoungGen      total 135680K, used 7136K [0x00000000f5580000, 0x00000000ffd00000, 0x0000000100000000)
  eden space 99328K, 0% used [0x00000000f5580000,0x00000000f5580000,0x00000000fb680000)
  from space 36352K, 19% used [0x00000000fb680000,0x00000000fbd78010,0x00000000fda00000)
  to   space 35328K, 0% used [0x00000000fda80000,0x00000000fda80000,0x00000000ffd00000)
 ParOldGen       total 207872K, used 98521K [0x00000000e0000000, 0x00000000ecb00000, 0x00000000f5580000)
  object space 207872K, 47% used [0x00000000e0000000,0x00000000e6036430,0x00000000ecb00000)
 Metaspace       used 71444K, capacity 75404K, committed 75608K, reserved 1114112K
  class space    used 9205K, capacity 9999K, committed 10112K, reserved 1048576K
}
Event: 1224.077 GC heap before
{Heap before GC invocations=37 (full 3):
 PSYoungGen      total 135680K, used 106464K [0x00000000f5580000, 0x00000000ffd00000, 0x0000000100000000)
  eden space 99328K, 100% used [0x00000000f5580000,0x00000000fb680000,0x00000000fb680000)
  from space 36352K, 19% used [0x00000000fb680000,0x00000000fbd78010,0x00000000fda00000)
  to   space 35328K, 0% used [0x00000000fda80000,0x00000000fda80000,0x00000000ffd00000)
 ParOldGen       total 207872K, used 98521K [0x00000000e0000000, 0x00000000ecb00000, 0x00000000f5580000)
  object space 207872K, 47% used [0x00000000e0000000,0x00000000e6036430,0x00000000ecb00000)
 Metaspace       used 71446K, capacity 75404K, committed 75608K, reserved 1114112K
  class space    used 9205K, capacity 9999K, committed 10112K, reserved 1048576K
Event: 1224.082 GC heap after
Heap after GC invocations=37 (full 3):
 PSYoungGen      total 136704K, used 6400K [0x00000000f5580000, 0x00000000ffc00000, 0x0000000100000000)
  eden space 102400K, 0% used [0x00000000f5580000,0x00000000f5580000,0x00000000fb980000)
  from space 34304K, 18% used [0x00000000fda80000,0x00000000fe0c0010,0x00000000ffc00000)
  to   space 33792K, 0% used [0x00000000fb980000,0x00000000fb980000,0x00000000fda80000)
 ParOldGen       total 207872K, used 100067K [0x00000000e0000000, 0x00000000ecb00000, 0x00000000f5580000)
  object space 207872K, 48% used [0x00000000e0000000,0x00000000e61b8f08,0x00000000ecb00000)
 Metaspace       used 71446K, capacity 75404K, committed 75608K, reserved 1114112K
  class space    used 9205K, capacity 9999K, committed 10112K, reserved 1048576K
}
Event: 1224.614 GC heap before
{Heap before GC invocations=38 (full 3):
 PSYoungGen      total 136704K, used 108800K [0x00000000f5580000, 0x00000000ffc00000, 0x0000000100000000)
  eden space 102400K, 100% used [0x00000000f5580000,0x00000000fb980000,0x00000000fb980000)
  from space 34304K, 18% used [0x00000000fda80000,0x00000000fe0c0010,0x00000000ffc00000)
  to   space 33792K, 0% used [0x00000000fb980000,0x00000000fb980000,0x00000000fda80000)
 ParOldGen       total 207872K, used 100067K [0x00000000e0000000, 0x00000000ecb00000, 0x00000000f5580000)
  object space 207872K, 48% used [0x00000000e0000000,0x00000000e61b8f08,0x00000000ecb00000)
 Metaspace       used 71490K, capacity 75442K, committed 75608K, reserved 1114112K
  class space    used 9214K, capacity 10009K, committed 10112K, reserved 1048576K
Event: 1224.618 GC heap after
Heap after GC invocations=38 (full 3):
 PSYoungGen      total 136192K, used 1629K [0x00000000f5580000, 0x00000000ffe80000, 0x0000000100000000)
  eden space 102400K, 0% used [0x00000000f5580000,0x00000000f5580000,0x00000000fb980000)
  from space 33792K, 4% used [0x00000000fb980000,0x00000000fbb17520,0x00000000fda80000)
  to   space 33280K, 0% used [0x00000000fde00000,0x00000000fde00000,0x00000000ffe80000)
 ParOldGen       total 207872K, used 100155K [0x00000000e0000000, 0x00000000ecb00000, 0x00000000f5580000)
  object space 207872K, 48% used [0x00000000e0000000,0x00000000e61cef08,0x00000000ecb00000)
 Metaspace       used 71490K, capacity 75442K, committed 75608K, reserved 1114112K
  class space    used 9214K, capacity 10009K, committed 10112K, reserved 1048576K
}
Event: 1224.716 GC heap before
{Heap before GC invocations=39 (full 3):
 PSYoungGen      total 136192K, used 104029K [0x00000000f5580000, 0x00000000ffe80000, 0x0000000100000000)
  eden space 102400K, 100% used [0x00000000f5580000,0x00000000fb980000,0x00000000fb980000)
  from space 33792K, 4% used [0x00000000fb980000,0x00000000fbb17520,0x00000000fda80000)
  to   space 33280K, 0% used [0x00000000fde00000,0x00000000fde00000,0x00000000ffe80000)
 ParOldGen       total 207872K, used 100187K [0x00000000e0000000, 0x00000000ecb00000, 0x00000000f5580000)
  object space 207872K, 48% used [0x00000000e0000000,0x00000000e61d6dd8,0x00000000ecb00000)
 Metaspace       used 71493K, capacity 75442K, committed 75608K, reserved 1114112K
  class space    used 9214K, capacity 10009K, committed 10112K, reserved 1048576K
Event: 1224.721 GC heap after
Heap after GC invocations=39 (full 3):
 PSYoungGen      total 140288K, used 1984K [0x00000000f5580000, 0x00000000ffe80000, 0x0000000100000000)
  eden space 107008K, 0% used [0x00000000f5580000,0x00000000f5580000,0x00000000fbe00000)
  from space 33280K, 5% used [0x00000000fde00000,0x00000000fdff0010,0x00000000ffe80000)
  to   space 32768K, 0% used [0x00000000fbe00000,0x00000000fbe00000,0x00000000fde00000)
 ParOldGen       total 207872K, used 100227K [0x00000000e0000000, 0x00000000ecb00000, 0x00000000f5580000)
  object space 207872K, 48% used [0x00000000e0000000,0x00000000e61e0dd8,0x00000000ecb00000)
 Metaspace       used 71493K, capacity 75442K, committed 75608K, reserved 1114112K
  class space    used 9214K, capacity 10009K, committed 10112K, reserved 1048576K
}
Event: 1224.839 GC heap before
{Heap before GC invocations=40 (full 3):
 PSYoungGen      total 140288K, used 108992K [0x00000000f5580000, 0x00000000ffe80000, 0x0000000100000000)
  eden space 107008K, 100% used [0x00000000f5580000,0x00000000fbe00000,0x00000000fbe00000)
  from space 33280K, 5% used [0x00000000fde00000,0x00000000fdff0010,0x00000000ffe80000)
  to   space 32768K, 0% used [0x00000000fbe00000,0x00000000fbe00000,0x00000000fde00000)
 ParOldGen       total 207872K, used 100240K [0x00000000e0000000, 0x00000000ecb00000, 0x00000000f5580000)
  object space 207872K, 48% used [0x00000000e0000000,0x00000000e61e4318,0x00000000ecb00000)
 Metaspace       used 71498K, capacity 75442K, committed 75608K, reserved 1114112K
  class space    used 9214K, capacity 10009K, committed 10112K, reserved 1048576K

Deoptimization events (10 events):
Event: 1224.581 Thread 0x000000001d203800 Uncommon trap: reason=bimorphic action=maybe_recompile pc=0x000000000573fc4c method=org.gradle.internal.snapshot.SnapshotUtil.getSnapshotFromChild(Lorg/gradle/internal/snapshot/FileSystemNode;Lorg/gradle/internal/snapshot/VfsRelativePath;Lorg/gradle/inter
Event: 1224.586 Thread 0x000000001ccd3000 Uncommon trap: reason=unstable_if action=reinterpret pc=0x00000000061c3c18 method=org.apache.tools.zip.ZipOutputStream.putNextEntry(Lorg/apache/tools/zip/ZipEntry;)V @ 218
Event: 1224.586 Thread 0x000000001ccd2800 Uncommon trap: reason=unstable_if action=reinterpret pc=0x00000000061be188 method=org.objectweb.asm.ClassWriter.visit(IILjava/lang/String;Ljava/lang/String;Ljava/lang/String;[Ljava/lang/String;)V @ 151
Event: 1224.593 Thread 0x000000001ccd1800 Uncommon trap: reason=unstable_if action=reinterpret pc=0x0000000005c1561c method=java.util.zip.ZipInputStream.readLOC()Ljava/util/zip/ZipEntry; @ 192
Event: 1224.593 Thread 0x000000001ccd1800 Uncommon trap: reason=unstable_if action=reinterpret pc=0x0000000005c1ef60 method=java.util.zip.ZipInputStream.readLOC()Ljava/util/zip/ZipEntry; @ 192
Event: 1224.593 Thread 0x000000001ccd1800 Uncommon trap: reason=unstable_if action=reinterpret pc=0x000000000618d7cc method=org.gradle.api.internal.file.archive.impl.JdkZipEntry.getContent()[B @ 6
Event: 1224.593 Thread 0x000000001ccd3000 Uncommon trap: reason=unstable_if action=reinterpret pc=0x00000000060ba30c method=org.gradle.internal.classpath.InstrumentingTransformer$InstrumentingMethodVisitor.visitMethodInsn(ILjava/lang/String;Ljava/lang/String;Ljava/lang/String;Z)V @ 107
Event: 1224.620 Thread 0x000000001ccd8800 Uncommon trap: reason=unstable_if action=reinterpret pc=0x00000000060e21a8 method=org.objectweb.asm.ClassReader.readField(Lorg/objectweb/asm/ClassVisitor;Lorg/objectweb/asm/Context;I)I @ 253
Event: 1224.621 Thread 0x000000001ccd8800 Uncommon trap: reason=unstable_if action=reinterpret pc=0x00000000060c16e4 method=org.objectweb.asm.FieldWriter.putFieldInfo(Lorg/objectweb/asm/ByteVector;)V @ 145
Event: 1224.640 Thread 0x000000001ccd5800 Uncommon trap: reason=unstable_if action=reinterpret pc=0x000000000618cfa0 method=org.objectweb.asm.AnnotationWriter.visitArray(Ljava/lang/String;)Lorg/objectweb/asm/AnnotationVisitor; @ 14

Classes redefined (0 events):
No events

Internal exceptions (10 events):
Event: 1224.728 Thread 0x000000001ccd6000 Exception <a 'sun/nio/fs/WindowsException'> (0x00000000f5e160c8) thrown at [C:\jenkins\workspace\8-2-build-windows-amd64-cygwin\jdk8u251\737\hotspot\src\share\vm\prims\jni.cpp, line 710]
Event: 1224.728 Thread 0x000000001ccd4800 Exception <a 'sun/nio/fs/WindowsException'> (0x00000000f5e1be68) thrown at [C:\jenkins\workspace\8-2-build-windows-amd64-cygwin\jdk8u251\737\hotspot\src\share\vm\prims\jni.cpp, line 710]
Event: 1224.728 Thread 0x000000001d20b000 Exception <a 'sun/nio/fs/WindowsException'> (0x00000000f5ea91a8) thrown at [C:\jenkins\workspace\8-2-build-windows-amd64-cygwin\jdk8u251\737\hotspot\src\share\vm\prims\jni.cpp, line 710]
Event: 1224.732 Thread 0x000000001d206000 Exception <a 'sun/nio/fs/WindowsException'> (0x00000000f60f2b70) thrown at [C:\jenkins\workspace\8-2-build-windows-amd64-cygwin\jdk8u251\737\hotspot\src\share\vm\prims\jni.cpp, line 710]
Event: 1224.734 Thread 0x000000001d206000 Exception <a 'sun/nio/fs/WindowsException'> (0x00000000f60f2f50) thrown at [C:\jenkins\workspace\8-2-build-windows-amd64-cygwin\jdk8u251\737\hotspot\src\share\vm\prims\jni.cpp, line 710]
Event: 1224.744 Thread 0x000000001ccd3000 Exception <a 'sun/nio/fs/WindowsException'> (0x00000000f5d1aa40) thrown at [C:\jenkins\workspace\8-2-build-windows-amd64-cygwin\jdk8u251\737\hotspot\src\share\vm\prims\jni.cpp, line 710]
Event: 1224.761 Thread 0x000000001ccd1800 Exception <a 'sun/nio/fs/WindowsException'> (0x00000000f7786f38) thrown at [C:\jenkins\workspace\8-2-build-windows-amd64-cygwin\jdk8u251\737\hotspot\src\share\vm\prims\jni.cpp, line 710]
Event: 1224.763 Thread 0x000000001d208000 Exception <a 'sun/nio/fs/WindowsException'> (0x00000000f79ee328) thrown at [C:\jenkins\workspace\8-2-build-windows-amd64-cygwin\jdk8u251\737\hotspot\src\share\vm\prims\jni.cpp, line 710]
Event: 1224.765 Thread 0x000000001d208000 Exception <a 'sun/nio/fs/WindowsException'> (0x00000000f79ee6e8) thrown at [C:\jenkins\workspace\8-2-build-windows-amd64-cygwin\jdk8u251\737\hotspot\src\share\vm\prims\jni.cpp, line 710]
Event: 1224.766 Thread 0x000000001ccd1800 Exception <a 'sun/nio/fs/WindowsException'> (0x00000000f7787320) thrown at [C:\jenkins\workspace\8-2-build-windows-amd64-cygwin\jdk8u251\737\hotspot\src\share\vm\prims\jni.cpp, line 710]

Events (10 events):
Event: 1224.715 Executing VM operation: ParallelGCFailedAllocation
Event: 1224.715 Executing VM operation: ParallelGCFailedAllocation done
Event: 1224.716 Executing VM operation: ParallelGCSystemGC
Event: 1224.721 Executing VM operation: ParallelGCSystemGC done
Event: 1224.766 Thread 0x0000000016651000 flushing nmethod 0x0000000003425b90
Event: 1224.767 Thread 0x0000000016651000 flushing nmethod 0x00000000034b63d0
Event: 1224.771 Thread 0x0000000016651000 flushing nmethod 0x0000000003adbe50
Event: 1224.838 Executing VM operation: ParallelGCFailedAllocation
Event: 1224.839 Executing VM operation: ParallelGCFailedAllocation done
Event: 1224.839 Executing VM operation: ParallelGCSystemGC


Dynamic libraries:
0x00007ff60d980000 - 0x00007ff60d9b7000 	C:\Program Files\Java\jdk1.8.0_251\bin\java.exe
0x00007ffa6caa0000 - 0x00007ffa6cc90000 	C:\Windows\SYSTEM32\ntdll.dll
0x00007ffa6bb30000 - 0x00007ffa6bbe2000 	C:\Windows\System32\KERNEL32.DLL
0x00007ffa69f20000 - 0x00007ffa6a1c5000 	C:\Windows\System32\KERNELBASE.dll
0x00007ffa6c270000 - 0x00007ffa6c313000 	C:\Windows\System32\ADVAPI32.dll
0x00007ffa6b260000 - 0x00007ffa6b2fe000 	C:\Windows\System32\msvcrt.dll
0x00007ffa6bc70000 - 0x00007ffa6bd07000 	C:\Windows\System32\sechost.dll
0x00007ffa6c150000 - 0x00007ffa6c270000 	C:\Windows\System32\RPCRT4.dll
0x00007ffa6ab50000 - 0x00007ffa6ace4000 	C:\Windows\System32\USER32.dll
0x00007ffa6ab20000 - 0x00007ffa6ab41000 	C:\Windows\System32\win32u.dll
0x00007ffa6b160000 - 0x00007ffa6b186000 	C:\Windows\System32\GDI32.dll
0x00007ffa69bc0000 - 0x00007ffa69d56000 	C:\Windows\System32\gdi32full.dll
0x00007ffa69d60000 - 0x00007ffa69dfe000 	C:\Windows\System32\msvcp_win.dll
0x00007ffa6a1d0000 - 0x00007ffa6a2ca000 	C:\Windows\System32\ucrtbase.dll
0x00007ffa51110000 - 0x00007ffa51394000 	C:\Windows\WinSxS\amd64_microsoft.windows.common-controls_6595b64144ccf1df_6.0.18362.1256_none_9e7e379be45e40e2\COMCTL32.dll
0x00007ffa6bdf0000 - 0x00007ffa6c126000 	C:\Windows\System32\combase.dll
0x00007ffa6aa90000 - 0x00007ffa6ab11000 	C:\Windows\System32\bcryptPrimitives.dll
0x00007ffa6ca30000 - 0x00007ffa6ca5e000 	C:\Windows\System32\IMM32.DLL
0x0000000060690000 - 0x0000000060762000 	C:\Program Files\Java\jdk1.8.0_251\jre\bin\msvcr100.dll
0x000000005fde0000 - 0x000000006068b000 	C:\Program Files\Java\jdk1.8.0_251\jre\bin\server\jvm.dll
0x00007ffa6c580000 - 0x00007ffa6c588000 	C:\Windows\System32\PSAPI.DLL
0x00007ffa648a0000 - 0x00007ffa648aa000 	C:\Windows\SYSTEM32\VERSION.dll
0x00007ffa66c70000 - 0x00007ffa66c94000 	C:\Windows\SYSTEM32\WINMM.dll
0x00007ffa652d0000 - 0x00007ffa652d9000 	C:\Windows\SYSTEM32\WSOCK32.dll
0x00007ffa6c320000 - 0x00007ffa6c38f000 	C:\Windows\System32\WS2_32.dll
0x00007ffa66c40000 - 0x00007ffa66c6d000 	C:\Windows\SYSTEM32\WINMMBASE.dll
0x00007ffa69e20000 - 0x00007ffa69e6a000 	C:\Windows\System32\cfgmgr32.dll
0x00007ffa66b40000 - 0x00007ffa66b4f000 	C:\Program Files\Java\jdk1.8.0_251\jre\bin\verify.dll
0x00007ffa608d0000 - 0x00007ffa608f9000 	C:\Program Files\Java\jdk1.8.0_251\jre\bin\java.dll
0x00007ffa607f0000 - 0x00007ffa60806000 	C:\Program Files\Java\jdk1.8.0_251\jre\bin\zip.dll
0x00007ffa6b300000 - 0x00007ffa6b9e7000 	C:\Windows\System32\SHELL32.dll
0x00007ffa6c980000 - 0x00007ffa6ca29000 	C:\Windows\System32\shcore.dll
0x00007ffa6a2d0000 - 0x00007ffa6aa51000 	C:\Windows\System32\windows.storage.dll
0x00007ffa69990000 - 0x00007ffa699b3000 	C:\Windows\System32\profapi.dll
0x00007ffa699c0000 - 0x00007ffa69a0a000 	C:\Windows\System32\powrprof.dll
0x00007ffa69940000 - 0x00007ffa69950000 	C:\Windows\System32\UMPDC.dll
0x00007ffa6c520000 - 0x00007ffa6c572000 	C:\Windows\System32\shlwapi.dll
0x00007ffa69970000 - 0x00007ffa69981000 	C:\Windows\System32\kernel.appcore.dll
0x00007ffa69e00000 - 0x00007ffa69e17000 	C:\Windows\System32\cryptsp.dll
0x00007ffa607d0000 - 0x00007ffa607ea000 	C:\Program Files\Java\jdk1.8.0_251\jre\bin\net.dll
0x00007ffa69190000 - 0x00007ffa691f7000 	C:\Windows\system32\mswsock.dll
0x00007ffa607b0000 - 0x00007ffa607c2000 	C:\Program Files\Java\jdk1.8.0_251\jre\bin\nio.dll
0x00007ffa05df0000 - 0x00007ffa05e17000 	C:\Users\ingaw\.gradle\native\9f2fa17c089eee584f3420100432f77ec4c098959e4bf121a4d6054c26537dfb\windows-amd64\native-platform.dll
0x00007ffa64b00000 - 0x00007ffa64b0d000 	C:\Program Files\Java\jdk1.8.0_251\jre\bin\management.dll
0x00007ffa68d00000 - 0x00007ffa68d33000 	C:\Windows\system32\rsaenh.dll
0x00007ffa6aa60000 - 0x00007ffa6aa86000 	C:\Windows\System32\bcrypt.dll
0x00007ffa69860000 - 0x00007ffa69885000 	C:\Windows\SYSTEM32\USERENV.dll
0x00007ffa69360000 - 0x00007ffa6936c000 	C:\Windows\SYSTEM32\CRYPTBASE.dll
0x00007ffa68ea0000 - 0x00007ffa68eda000 	C:\Windows\SYSTEM32\IPHLPAPI.DLL
0x00007ffa6bd10000 - 0x00007ffa6bd18000 	C:\Windows\System32\NSI.dll
0x00007ffa61d30000 - 0x00007ffa61d46000 	C:\Windows\SYSTEM32\dhcpcsvc6.DLL
0x00007ffa61fe0000 - 0x00007ffa61ffc000 	C:\Windows\SYSTEM32\dhcpcsvc.DLL
0x00007ffa68ee0000 - 0x00007ffa68fab000 	C:\Windows\SYSTEM32\DNSAPI.dll
0x00007ffa63dc0000 - 0x00007ffa63dcb000 	C:\Windows\SYSTEM32\WINNSI.DLL
0x00007ffa41d70000 - 0x00007ffa41f06000 	C:\Users\ingaw\.gradle\native\9f2fa17c089eee584f3420100432f77ec4c098959e4bf121a4d6054c26537dfb\windows-amd64\native-platform-file-events.dll
0x00007ffa57c40000 - 0x00007ffa57c64000 	C:\Program Files\Java\jdk1.8.0_251\jre\bin\sunec.dll
0x0000000062270000 - 0x00000000622a5000 	C:\Program Files\Bonjour\mdnsNSP.dll
0x00007ffa61700000 - 0x00007ffa6170a000 	C:\Windows\System32\rasadhlp.dll
0x00007ffa60e60000 - 0x00007ffa60ed7000 	C:\Windows\System32\fwpuclnt.dll
0x00007ffa66b20000 - 0x00007ffa66b2c000 	C:\Program Files\Java\jdk1.8.0_251\jre\bin\sunmscapi.dll
0x00007ffa69a10000 - 0x00007ffa69b59000 	C:\Windows\System32\CRYPT32.dll
0x00007ffa69950000 - 0x00007ffa69962000 	C:\Windows\System32\MSASN1.dll
0x00007ffa69460000 - 0x00007ffa69486000 	C:\Windows\SYSTEM32\ncrypt.dll
0x00007ffa69420000 - 0x00007ffa6945b000 	C:\Windows\SYSTEM32\NTASN1.dll
0x00007ffa68230000 - 0x00007ffa68424000 	C:\Windows\SYSTEM32\dbghelp.dll

VM Arguments:
jvm_args: -XX:MaxMetaspaceSize=256m -XX:+HeapDumpOnOutOfMemoryError -Xms256m -Xmx512m -Dfile.encoding=windows-1250 -Duser.country=PL -Duser.language=pl -Duser.variant 
java_command: org.gradle.launcher.daemon.bootstrap.GradleDaemon 6.6.1
java_class_path (initial): C:\Users\ingaw\.gradle\wrapper\dists\gradle-6.6.1-bin\du4tvj86lhti6iga1v8h7pckb\gradle-6.6.1\lib\gradle-launcher-6.6.1.jar
Launcher Type: SUN_STANDARD

Environment Variables:
JAVA_HOME=C:\Program Files\Java\jdk1.8.0_251
PATH=C:\Program Files\Java\jdk1.8.0_251\bin;C:\Program Files (x86)\Common Files\Oracle\Java\javapath;C:\Windows\system32;C:\Windows;C:\Windows\System32\Wbem;C:\Windows\System32\WindowsPowerShell\v1.0\;C:\Windows\System32\OpenSSH\;C:\Program Files\Git\cmd;C:\Program Files\Git\mingw64\bin;C:\Program Files\Git\usr\bin;C:\gradle-6.4.1\bin;C:\Program Files\MySQL\MySQL Shell 8.0\bin\;C:\Users\ingaw\AppData\Local\Microsoft\WindowsApps;C:\Program Files\heroku\bin
USERNAME=ingaw
OS=Windows_NT
PROCESSOR_IDENTIFIER=Intel64 Family 6 Model 126 Stepping 5, GenuineIntel



---------------  S Y S T E M  ---------------

OS: Windows 10.0 , 64 bit Build 18362 (10.0.18362.1110)

CPU:total 8 (initial active 8) (4 cores per cpu, 2 threads per core) family 6 model 126 stepping 5, cmov, cx8, fxsr, mmx, sse, sse2, sse3, ssse3, sse4.1, sse4.2, popcnt, avx, avx2, aes, clmul, erms, 3dnowpref, lzcnt, ht, tsc, tscinvbit, bmi1, bmi2, adx

Memory: 4k page, physical 8150496k(1790764k free), swap 11951584k(3541344k free)

vm_info: Java HotSpot(TM) 64-Bit Server VM (25.251-b08) for windows-amd64 JRE (1.8.0_251-b08), built on Mar 12 2020 06:31:49 by "" with MS VC++ 10.0 (VS2010)

time: Sat Jan 02 22:07:35 2021
timezone: Œrodkowoeuropejski czas stand.
elapsed time: 1224 seconds (0d 0h 20m 24s)

